[2025-07-26 18:45:43] FROM:ltarry_1 TO:bob
[2025-07-26 18:49:02] FROM:ltarry_1 TO:bob
NONCE: SHfbgv2eeC...
CIPHERTEXT: Lmq0+ICqwNgS5ozLJYIc6VWQ03U=...

[2025-07-26 18:49:27] FROM:ltarry_1 TO:bob
NONCE: z1gcmOH8vq...
CIPHERTEXT: JRTCkWq0FAhyevyEbTBCFej7w6c=...

[2025-07-26 18:50:28] FROM:bob TO:ltarry_1
NONCE: eV9YegHiH3...
CIPHERTEXT: f2a05JEVOXbbuMjRJhZkvAfQ7bg=...

[2025-07-26 18:51:07] FROM:bob TO:ltarry_1
NONCE: OPzxKe/DTH...
CIPHERTEXT: hpvGcM7gkgUkKQVYoXITL/oWdss=...

[2025-07-26 18:51:34] FROM:ltarry_1 TO:bob
NONCE: KiEQ02RkFe...
CIPHERTEXT: NPo9ml+JDG5UyNVUYKTLppvEIPU=...

[2025-07-26 18:52:59] FROM:ltarry_1 TO:bob
NONCE: Je6eAgzZ0o...
CIPHERTEXT: suxHSLnmFGEMDKayTbYAbtsQ...

[2025-07-26 18:53:19] FROM:ltarry_1 TO:bob
NONCE: EgZUXfS2j/...
CIPHERTEXT: Ue4HoYqk5mp1r8DFG9l/Pae6...

[2025-07-26 18:58:01] FROM:ltarry_1 TO:bob
NONCE: gm2dRqFD9h...
CIPHERTEXT: AtxfuN/18T3P3jQONg2Fqw33...

[2025-07-26 18:58:38] FROM:ltarry_1 TO:bob
NONCE: 3rIa2bLq7m...
CIPHERTEXT: t7Au+wFE0HJBH6oTh8BqT8sj...

[2025-07-26 18:58:57] FROM:bob TO:ltarry_1
NONCE: 7cMfRsrQAy...
CIPHERTEXT: 9Tq8pe7BRIIcxuJKzvUrXCQs...

[2025-07-26 18:59:03] FROM:bob TO:ltarry_1
NONCE: 7cMfRsrQAy...
CIPHERTEXT: 9Tq8pe7BRIIcxuJKzvUrXCQs...

[2025-07-26 19:18:27] FROM:ltarry_1 TO:bob
NONCE: gH3FaHQdAF...
CIPHERTEXT: NJ/kR6VZzfrjMZ5uYvYrBjFO...

[2025-07-26 19:18:56] FROM:ltarry_1 TO:bob
NONCE: evPLjp/D8W...
CIPHERTEXT: 9ATdyLNFNCXifQzPUKTc6u0w...

[2025-07-26 19:19:25] FROM:bob TO:ltarry_1
NONCE: SuKendHeyF...
CIPHERTEXT: NNiizvf+jMGdGJfHtGi/V6Bd...

[2025-07-26 19:23:17] FROM:ltarry_1 TO:bob
NONCE: QljUYzjfmx...
CIPHERTEXT: PyvAcJBHWukVGUfOGK+QfgRv...

[2025-07-26 19:23:40] FROM:ltarry_1 TO:bob
NONCE: a/Sxp9n+ZE...
CIPHERTEXT: RJcflbIddNtQglVDJxzyq8n6...

[2025-07-26 19:29:01] FROM:ltarry_1 TO:bob
NONCE: MTV7StuhU6...
CIPHERTEXT: zfUrSRLUX2p0AIltQZAkvDLC...

[2025-07-26 19:32:04] FROM:ltarry_1 TO:bob
NONCE: Succe7CbCf...
CIPHERTEXT: JtNuPDVqxWHpVma1jFL42Tl2...

[2025-07-26 19:34:58] FROM:ltarry_1 TO:bob
NONCE: bEzevdu+e0...
CIPHERTEXT: NzyG4EyFIxZ2A9VG3KVi82iY...

[2025-07-26 20:21:17] FROM:alice TO:bob
NONCE: GLk7fxPoGv...
CIPHERTEXT: q5Z5qV3JupERMfJMp40iFUVs...

[2025-07-26 21:07:57] FROM:bob TO:alice
NONCE: L5TOPBBtMw...
CIPHERTEXT: ItpM+BSnlFaE9nqCT3wNJA4PjfQVDc...

[2025-07-26 21:10:33] FROM:alice TO:bob
NONCE: 4qAI+7LnDh...
CIPHERTEXT: tMaOEV9bmuRlvI+nv4VQd6g9...

[2025-07-26 21:12:49] FROM:ltarry_1 TO:alice
NONCE: FlgwGMqKQ4...
CIPHERTEXT: 4ZAfBg/7dDoOwPKvcRxWqqHn...

[2025-07-26 21:13:00] FROM:ltarry_1 TO:alice
NONCE: t8F1nytkBb...
CIPHERTEXT: Ne9eQX/D6viH3ok4wGJWLV8P...

[2025-07-26 22:50:41] FROM:ltarry_1 TO:alice
NONCE: ldpvD4Mdyq...
CIPHERTEXT: K5Odzfjgs+QQUOr6cF39bYfd...

[2025-07-26 22:51:09] FROM:bob TO:alice
NONCE: 8GkvobEeIC...
CIPHERTEXT: ZFeo/8JB1R1+KE53nuaXftYZ...

[2025-07-26 23:45:14] FROM:bob TO:alice
NONCE: E56+6YCkdn...
CIPHERTEXT: EXkym71oi5PEk0RTfeoTvCvc1WziHd...

[2025-07-26 23:50:03] FROM:alice TO:alice
NONCE: 5ORH79R/zX...
CIPHERTEXT: 9idyEkWnDVmGl2uMO2Ix3Gypa6sNjD...

[2025-07-26 23:50:44] FROM:bob TO:alice
NONCE: 22rIWwp0MO...
CIPHERTEXT: ulrmVzUlMPkD6taSGzumNHCOs6R1ei...

[2025-07-27 00:20:14] FROM:bob TO:alice
NONCE: C0FyJZAgnt...
CIPHERTEXT: 5/6ABVmMppAMriYRd+S6yAWg...

[2025-07-27 00:30:38] FROM:ltarry_1 TO:bob
NONCE: MEkc1diaQh...
CIPHERTEXT: ZPhYwUw0orZ7fP8epwA978cQ...

[2025-07-27 00:30:52] FROM:bob TO:alice
NONCE: bsPkCGYojL...
CIPHERTEXT: 1VptAwk51t1XXvie4jmKKLYX1+A=...

[2025-07-27 00:31:42] FROM:alice TO:ltarry_1
NONCE: seNi12rkuQ...
CIPHERTEXT: vyyLm2CV27IUXLlqfGKowr3G1NA=...

[2025-07-27 00:32:15] FROM:bob TO:alice
NONCE: orkiiBPttY...
CIPHERTEXT: K7GceuOg5qhbgwYX2J/RTUqpf9I=...

[2025-07-27 00:32:33] FROM:bob TO:alice
NONCE: +ERdGuvgM4...
CIPHERTEXT: bef0ZtbQU0+S7q3V5ARE9vgP8DNKLA...

[2025-07-27 00:33:16] FROM:liam TO:bob
NONCE: 1vv+ndl8DI...
CIPHERTEXT: diP/LTuFEe0NlCf33/jIdGajdCzYGk...

[2025-07-27 00:33:37] FROM:bob TO:alice
NONCE: 7QY1Co8IIH...
CIPHERTEXT: A7dW4esSuLAQ5k/4eWmP6vSti1opfg...

[2025-07-27 00:33:55] FROM:alice TO:liam
NONCE: CNmmyEqRIk...
CIPHERTEXT: LfZk3EhvaXe2x9hACigr608OZQvazg...

[2025-07-27 00:34:14] FROM:alice TO:liam
NONCE: TqwqFTTvzq...
CIPHERTEXT: vege939vUF1pPEMDf3X+0rj5g7lWZw...

[2025-07-27 00:34:44] FROM:bob TO:alice
NONCE: wB3ztemXPa...
CIPHERTEXT: D/JnZShIEf/L+S4wEOz6c+z20jnv0Q...

[2025-07-27 00:35:41] FROM:liam TO:bob
NONCE: A/yxCDelWK...
CIPHERTEXT: ueTVsGxY1E00SY8ZGgeQ0z9dUmnnv8...

[2025-07-27 00:35:56] FROM:alice TO:bob
NONCE: YBYp8Ua63d...
CIPHERTEXT: Qq0yNkLpOD2wMQAUiVRUkPaYfpWLkG...

